<?xml version="1.0" encoding="utf-8"?><testsuites name="pytest tests"><testsuite name="pytest" errors="0" failures="0" skipped="0" tests="12" time="15.496" timestamp="2026-05-16T05:09:28.973946+00:00" hostname="agent-env-caa06083-9cd5-4108-911b-847253ab9b57"><testcase classname="backend.tests.test_pulse_backend.TestRoot" name="test_root_status_ok" time="0.169" /><testcase classname="backend.tests.test_pulse_backend.TestMovers" name="test_okx_futures_movers" time="0.404" /><testcase classname="backend.tests.test_pulse_backend.TestMovers" name="test_binance_spot_movers_via_vision" time="1.363" /><testcase classname="backend.tests.test_pulse_backend.TestKlines" name="test_klines_okx_futures_btc" time="0.306" /><testcase classname="backend.tests.test_pulse_backend.TestScan" name="test_scan_okx_futures_short" time="5.161" /><testcase classname="backend.tests.test_pulse_backend.TestScan" name="test_entry_time_at_least_3_min_in_future" time="0.000" /><testcase classname="backend.tests.test_pulse_backend.TestScan" name="test_scan_binance_spot_short" time="7.071" /><testcase classname="backend.tests.test_pulse_backend.TestScan" name="test_ai_justification_portuguese_non_empty" time="0.000" /><testcase classname="backend.tests.test_pulse_backend.TestScan" name="test_scan_bad_minutes_validation" time="0.049" /><testcase classname="backend.tests.test_pulse_backend.TestSignals" name="test_signals_list_contains_scanned" time="0.553" /><testcase classname="backend.tests.test_pulse_backend.TestSignals" name="test_delete_signal_removes_it" time="0.097" /><testcase classname="backend.tests.test_pulse_backend.TestSignals" name="test_delete_nonexistent_signal_returns_zero" time="0.048" /></testsuite></testsuites>